\BOOKMARK [1][-]{section.1}{Einleitung}{}% 1
\BOOKMARK [2][-]{subsection.1.1}{Motivation}{section.1}% 2
\BOOKMARK [2][-]{subsection.1.2}{Ziel\040der\040Arbeit}{section.1}% 3
\BOOKMARK [1][-]{section.2}{Grundlagen}{}% 4
\BOOKMARK [2][-]{subsection.2.1}{Additive\040Learning\040Resources\040-\040AdLeR}{section.2}% 5
\BOOKMARK [2][-]{subsection.2.2}{XML}{section.2}% 6
\BOOKMARK [3][-]{subsubsection.2.2.1}{Aufbau}{subsection.2.2}% 7
\BOOKMARK [3][-]{subsubsection.2.2.2}{Parsen}{subsection.2.2}% 8
\BOOKMARK [2][-]{subsection.2.3}{Implementierung}{section.2}% 9
\BOOKMARK [3][-]{subsubsection.2.3.1}{Java-Bibliotheken}{subsection.2.3}% 10
\BOOKMARK [3][-]{subsubsection.2.3.2}{Entwurf\040der\040GUI\040in\040IntelliJ}{subsection.2.3}% 11
\BOOKMARK [3][-]{subsubsection.2.3.3}{Evaluation}{subsection.2.3}% 12
\BOOKMARK [1][-]{section.3}{Anforderungsanalyse}{}% 13
\BOOKMARK [2][-]{subsection.3.1}{title}{section.3}% 14
\BOOKMARK [1][-]{section.4}{Entwurf}{}% 15
\BOOKMARK [2][-]{subsection.4.1}{Vergleich\040existierender\040XML-\040und\040HTML-Editoren}{section.4}% 16
\BOOKMARK [3][-]{subsubsection.4.1.1}{Adobe\040Dreamweaver}{subsection.4.1}% 17
\BOOKMARK [3][-]{subsubsection.4.1.2}{oxygenxml}{subsection.4.1}% 18
\BOOKMARK [3][-]{subsubsection.4.1.3}{easy\040xml\040Editor}{subsection.4.1}% 19
\BOOKMARK [2][-]{subsection.4.2}{Erster\040Entwurf}{section.4}% 20
\BOOKMARK [1][-]{section.5}{Implementierung}{}% 21
\BOOKMARK [2][-]{subsection.5.1}{Benutzeroberfläche}{section.5}% 22
\BOOKMARK [3][-]{subsubsection.5.1.1}{Editieren\040der\040XML-Datei}{subsection.5.1}% 23
\BOOKMARK [3][-]{subsubsection.5.1.2}{Erweiterung\040um\040Dateitypen}{subsection.5.1}% 24
\BOOKMARK [3][-]{subsubsection.5.1.3}{title}{subsection.5.1}% 25
\BOOKMARK [2][-]{subsection.5.2}{Schnittstellen}{section.5}% 26
\BOOKMARK [3][-]{subsubsection.5.2.1}{Generierungstool für HTML}{subsection.5.2}% 27
\BOOKMARK [3][-]{subsubsection.5.2.2}{Aufbau\040der\040XML\040in\040DOM}{subsection.5.2}% 28
\BOOKMARK [3][-]{subsubsection.5.2.3}{title}{subsection.5.2}% 29
\BOOKMARK [1][-]{section.6}{Evaluierung}{}% 30
\BOOKMARK [2][-]{subsection.6.1}{Evaluationsbogen}{section.6}% 31
\BOOKMARK [2][-]{subsection.6.2}{Durchführung}{section.6}% 32
\BOOKMARK [2][-]{subsection.6.3}{Auswertung}{section.6}% 33
\BOOKMARK [2][-]{subsection.6.4}{Verbesserung\040des\040Programms}{section.6}% 34
\BOOKMARK [2][-]{subsection.6.5}{\(Zweite\040Evaluation\)}{section.6}% 35
\BOOKMARK [1][-]{section.7}{Zusammenfassung}{}% 36
\BOOKMARK [2][-]{subsection.7.1}{Erreichte\040Ergebnisse}{section.7}% 37
\BOOKMARK [2][-]{subsection.7.2}{Probleme und alternative Lösungen}{section.7}% 38
\BOOKMARK [2][-]{subsection.7.3}{Erweiterbarkeit}{section.7}% 39
\BOOKMARK [2][-]{subsection.7.4}{Ausblick}{section.7}% 40
\BOOKMARK [1][-]{subsection.7.4}{Literatur}{}% 41
\BOOKMARK [1][-]{section*.2}{Abbildungsverzeichnis}{}% 42
